<?xml version="1.0" encoding="UTF-8"?>
<!-- Generated by org.testng.reporters.JUnitReportReporter -->
<testsuite hostname="Shubham" failures="0" tests="1" name="testCases.TC_001_AccountRegisterationTest" time="4.930" errors="0" timestamp="2023-02-16T10:43:37 IST" skipped="0">
  <testcase classname="testCases.TC_001_AccountRegisterationTest" name="test_account_registeration" time="4.930"/>
  <system-out/>
</testsuite> <!-- testCases.TC_001_AccountRegisterationTest -->
