<?xml version="1.0" encoding="UTF-8"?>
<!-- Generated by org.testng.reporters.JUnitReportReporter -->
<testsuite hostname="Shubham" failures="0" tests="1" name="testCases.TC_002_AccountLoginTest" time="5.489" errors="0" timestamp="2023-02-16T10:42:59 IST" skipped="0">
  <testcase classname="testCases.TC_002_AccountLoginTest" name="test_AccountLogin" time="5.489"/>
  <system-out/>
</testsuite> <!-- testCases.TC_002_AccountLoginTest -->
