<?xml version="1.0" encoding="UTF-8"?>
<!-- Generated by org.testng.reporters.JUnitReportReporter -->
<testsuite hostname="Shubham" failures="0" tests="1" name="testCases.TC_002_AccountLoginTest" time="4.940" errors="0" timestamp="2023-02-16T12:07:24 IST" skipped="0">
  <testcase classname="testCases.TC_002_AccountLoginTest" name="test_AccountLogin" time="4.940"/>
  <system-out/>
</testsuite> <!-- testCases.TC_002_AccountLoginTest -->
