<?xml version="1.0" encoding="UTF-8"?>
<!-- Generated by org.testng.reporters.JUnitReportReporter -->
<testsuite hostname="Shubham" failures="0" tests="1" name="testCases.TC_001_AccountRegisterationTest" time="3.659" errors="0" timestamp="2023-02-16T12:07:24 IST" skipped="0">
  <testcase classname="testCases.TC_001_AccountRegisterationTest" name="test_account_registeration" time="3.659"/>
  <system-out/>
</testsuite> <!-- testCases.TC_001_AccountRegisterationTest -->
